<?xml version="1.0" encoding="ISO-8859-1"?>

<product productid="tapatalk" active="1">
	<title>Tapatalk</title>
	<description>Tapatalk mobile app plugin for vbulletin 3</description>
	<version>4.2.1</version>
	<url>http://tapatalk.com</url>
	<versioncheckurl>http://tapatalk.com/vb3.php</versioncheckurl>
	<dependencies>
	</dependencies>
	<codes>
		<code version="3.4.0">
			<installcode><![CDATA[$vbulletin->db->query("
    CREATE TABLE IF NOT EXISTS " . TABLE_PREFIX . "tapatalk_users (
      userid int(10) NOT NULL,
      announcement smallint(5) NOT NULL DEFAULT '1',
      pm smallint(5) NOT NULL DEFAULT '1',
      subscribe smallint(5) NOT NULL DEFAULT '1',
      updated INT( 10 ) NOT NULL,
      PRIMARY KEY (userid)
    )
");

$vbulletin->db->query("
    CREATE TABLE IF NOT EXISTS " . TABLE_PREFIX . "tapatalk_push (
      userid INT( 10 ) NOT NULL ,
      type VARCHAR( 10 ) NOT NULL ,
      id INT( 10 ) NOT NULL ,
      subid INT( 10 ),
      title VARCHAR( 250 ) NOT NULL ,
      author VARCHAR( 100 ) NOT NULL ,
      dateline INT( 10 ) NOT NULL,
      status TINYINT NOT NULL DEFAULT '0'
    )
");]]></installcode>
			<uninstallcode><![CDATA[$db->query_write("DROP TABLE IF EXISTS " . TABLE_PREFIX . "tapatalk_users");
$db->query_write("DROP TABLE IF EXISTS " . TABLE_PREFIX . "tapatalk_push");]]></uninstallcode>
		</code>
		<code version="3.6.0">
			<installcode><![CDATA[$vbulletin->db->query("
    CREATE TABLE IF NOT EXISTS " . TABLE_PREFIX . "tapatalk_users (
      userid int(10) NOT NULL,
      announcement smallint(5) NOT NULL DEFAULT '1',
      pm smallint(5) NOT NULL DEFAULT '1',
      subscribe smallint(5) NOT NULL DEFAULT '1',
      updated INT( 10 ) NOT NULL,
      PRIMARY KEY (userid)
    )
");

$vbulletin->db->query("
    CREATE TABLE IF NOT EXISTS " . TABLE_PREFIX . "tapatalk_push (
      userid INT( 10 ) NOT NULL ,
      type VARCHAR( 10 ) NOT NULL ,
      id INT( 10 ) NOT NULL ,
      subid INT( 10 ),
      title VARCHAR( 250 ) NOT NULL ,
      author VARCHAR( 100 ) NOT NULL ,
      dateline INT( 10 ) NOT NULL,
      status TINYINT NOT NULL DEFAULT '0'
    )
");

$vbulletin->db->query("
    ALTER TABLE " . TABLE_PREFIX . "tapatalk_users  ADD `quote` SMALLINT( 5 ) NOT NULL DEFAULT '1' AFTER `subscribe` ,
ADD `tag` SMALLINT( 5 ) NOT NULL DEFAULT '1' AFTER `quote` ,
ADD `newtopic` SMALLINT( 5 ) NOT NULL DEFAULT '1' AFTER `tag`
");]]></installcode>
			<uninstallcode><![CDATA[$db->query_write("DROP TABLE IF EXISTS " . TABLE_PREFIX . "tapatalk_users");
$db->query_write("DROP TABLE IF EXISTS " . TABLE_PREFIX . "tapatalk_push");]]></uninstallcode>
		</code>
		<code version="3.6.1">
			<installcode><![CDATA[$vbulletin->db->query("
ALTER TABLE " . TABLE_PREFIX . "tapatalk_users CHANGE `updated` `updated` INT( 10 ) NOT NULL
");]]></installcode>
			<uninstallcode><![CDATA[$db->query_write("DROP TABLE IF EXISTS " . TABLE_PREFIX . "tapatalk_users");
$db->query_write("DROP TABLE IF EXISTS " . TABLE_PREFIX . "tapatalk_push");]]></uninstallcode>
		</code>
		<code version="3.7.0">
			<installcode><![CDATA[$vbulletin->db->query("
    ALTER TABLE " . TABLE_PREFIX . "tapatalk_push  CHANGE `id` `id` VARCHAR( 100 ) NOT NULL DEFAULT '0' ,
CHANGE `subid` `subid` VARCHAR( 100 ) NULL DEFAULT '0'
");]]></installcode>
			<uninstallcode><![CDATA[$db->query_write("DROP TABLE IF EXISTS " . TABLE_PREFIX . "tapatalk_users");
$db->query_write("DROP TABLE IF EXISTS " . TABLE_PREFIX . "tapatalk_push");]]></uninstallcode>
		</code>
		<code version="3.8.0">
			<installcode><![CDATA[$vbulletin->db->query("
    ALTER TABLE " . TABLE_PREFIX . "tapatalk_push  ADD `pushid` INT NOT NULL AUTO_INCREMENT FIRST ,
ADD PRIMARY KEY ( `pushid` ), ADD INDEX ( `userid` ) , ADD INDEX ( `dateline` )
");]]></installcode>
			<uninstallcode><![CDATA[$db->query_write("DROP TABLE IF EXISTS " . TABLE_PREFIX . "tapatalk_users");
$db->query_write("DROP TABLE IF EXISTS " . TABLE_PREFIX . "tapatalk_push");]]></uninstallcode>
		</code>
	</codes>
	<templates>
	</templates>
	<plugins>
		<plugin active="1" executionorder="5">
			<title>Tapatalk: Options Format Print</title>
			<hookname>admin_options_print</hookname>
			<phpcode><![CDATA[if ($setting['optioncode'] == 'selectmulti:eval_tapatalk_hide_forum' || $setting['optioncode'] == 'selectmulti:eval_tapatalk_readonly_forums')
{
    $options = null;
    
    $setting['value'] = unserialize($setting['value']);
    
    if (!is_array($setting['value']) || in_array(-1, $setting['value'])) {
        $setting['value'] = array();
    }
    
    $options = construct_forum_chooser_options(false, 'Show All');
    
    if (is_array($options) AND !empty($options))
    {
        print_select_row($description, $name . '[]', $options, $setting['value'], false, 10, true);
    }
    else
    {
        print_input_row($description, $name, $setting['value']);
    }

    $handled = true;
}]]></phpcode>
		</plugin>
		<plugin active="1" executionorder="5">
			<title>Tapatalk: Options Format Transform</title>
			<hookname>admin_options_processing</hookname>
			<phpcode><![CDATA[if ($oldsetting['varname'] == 'tapatalk_hide_forum' || $oldsetting['varname'] == 'tapatalk_readonly_forums') {
    // serialize the array of forum id inputs
    if (!is_array($settings["$oldsetting[varname]"]) || in_array(-1, $settings["$oldsetting[varname]"]))
    {
        $settings["$oldsetting[varname]"] = array();
    }
    $settings["$oldsetting[varname]"] = array_map('intval', $settings["$oldsetting[varname]"]);
    $settings["$oldsetting[varname]"] = serialize($settings["$oldsetting[varname]"]);
}]]></phpcode>
		</plugin>
		<plugin active="1" executionorder="5">
			<title>Tapatalk: Error redirect</title>
			<hookname>error_generic</hookname>
			<phpcode><![CDATA[if (defined('IN_MOBIQUO') && function_exists('return_fault')) {
  return_fault($errormessage);
}]]></phpcode>
		</plugin>
		<plugin active="1" executionorder="5">
			<title>Tapatalk: Minisite List Forum Topics</title>
			<hookname>forumdisplay_start</hookname>
			<phpcode><![CDATA[if (is_file(CWD . '/' . $vbulletin->options['tapatalk_directory'] . '/appExtt/exttMinisiteHook.php')) {
    include(CWD . '/' . $vbulletin->options['tapatalk_directory'] . '/appExtt/exttMinisiteHook.php'); 
}]]></phpcode>
		</plugin>
		<plugin active="1" executionorder="5">
			<title>Tapatalk: Minisite List Forum</title>
			<hookname>forumhome_start</hookname>
			<phpcode><![CDATA[if (is_file(CWD . '/' . $vbulletin->options['tapatalk_directory'] . '/appExtt/exttMinisiteHook.php')) {
    include(CWD . '/' . $vbulletin->options['tapatalk_directory'] . '/appExtt/exttMinisiteHook.php'); 
}]]></phpcode>
		</plugin>
		<plugin active="1" executionorder="65535">
			<title>Tapatalk: Add Tapatalk detect JS</title>
			<hookname>global_setup_complete</hookname>
			<phpcode><![CDATA[include(CWD . '/'.$vbulletin->options['tapatalk_directory'].'/smartbanner.php');]]></phpcode>
		</plugin>
		<plugin active="1" executionorder="1">
			<title>Tapatalk: Subscribed topic push</title>
			<hookname>newpost_complete</hookname>
			<phpcode><![CDATA[if( file_exists(DIR.'/'.$vbulletin->options['tapatalk_directory'].'/push_hook.php') )
{
    define('TT_PUSH_TYPE', 'sub');
    include(DIR.'/'.$vbulletin->options['tapatalk_directory'].'/push_hook.php');
}]]></phpcode>
		</plugin>
		<plugin active="1" executionorder="5">
			<title>Taptalk: Get Tapatalk Online Users</title>
			<hookname>online_bit_complete</hookname>
			<phpcode><![CDATA[global $tapatalk_user_ids, $byo_user_ids;
    if(strpos($userinfo['useragent'], 'Tapatalk')!== false)
    {
        if(is_array($tapatalk_user_ids))
            $tapatalk_user_ids[] = $userinfo['userid'];
        else
            $tapatalk_user_ids = array($userinfo['userid']);
    }

    if(strpos($userinfo['useragent'], 'BYO')!== false)
    {
        if(is_array($byo_user_ids))
            $byo_user_ids[] = $userinfo['userid'];
        else
            $byo_user_ids = array($userinfo['userid']);
    }]]></phpcode>
		</plugin>
		<plugin active="1" executionorder="5">
			<title>Tapatalk: Display Tapatalk Online Icon for Tapatalk Online Users</title>
			<hookname>online_complete</hookname>
			<phpcode><![CDATA[global $tapatalk_user_ids;
if(is_array($tapatalk_user_ids))
{
    $onlinebits_arr = preg_split('/<\/tr>/', $onlinebits, -1, PREG_SPLIT_NO_EMPTY);
    $onlinebits = '';
    $mobi_dir = $vbulletin->options['tapatalk_directory'];
    foreach($onlinebits_arr as $online_show)
    {
        if(!empty($online_show))
            foreach($tapatalk_user_ids as $user_id)
                if(preg_match('/<a href="member\.php\?u='.$user_id.'">/',$online_show))
                    $online_show = preg_replace('/<td class="alt2" width="35%">\s*<div>\s*<span style="float:right">(.*)<\/span>/s', '<td class="alt2" width="35%"><div><span style="float:right">$1</span><span style="float:right;margin-right:6px;"><a href="http://tapatalk.com"><img src="'.$mobi_dir.'/forum_icons/tapatalk-online.png" title="On Tapatalk"></a></span>', $online_show);
        $onlinebits .= $online_show.'</tr>';
    }
}
global $byo_user_ids;
if(is_array($byo_user_ids))
{
    $onlinebits_arr = preg_split('/<\/tr>/', $onlinebits, -1, PREG_SPLIT_NO_EMPTY);
    $onlinebits = '';
    foreach($onlinebits_arr as $online_show)
    {
        if(!empty($online_show))
            foreach($byo_user_ids as $user_id)
                if(empty($tapatalk_user_ids) || !in_array($user_id, $tapatalk_user_ids))
                    if(preg_match('/<a href="member\.php\?u='.$user_id.'">/',$online_show))
                        $online_show = preg_replace('/<td class="alt2" width="35%">\s*<div>\s*<span style="float:right">(.*)<\/span>/s', '<td class="alt2" width="35%"><div><span style="float:right">$1</span><span style="float:right;margin-right:6px;"><a href="'.$vbphrase['byo_link'].'"><img src="mobiquo/forum_icons/byo-online.png" title="'.$vbphrase['on_byo'].'"></a></span>', $online_show);
        $onlinebits .= $online_show.'</tr>';
    }
}]]></phpcode>
		</plugin>
		<plugin active="1" executionorder="5">
			<title>Tapatalk: Display Via Tapatalk on Online page for users on Tapatalk App</title>
			<hookname>online_location_unknown</hookname>
			<phpcode><![CDATA[if (strpos($userinfo['useragent'], 'Tapatalk') !== false || strpos($userinfo['useragent'], 'BYO') !== false)
{
					$userinfo['action'] = $vbphrase['viewing_index'];
					$userinfo['where'] = '<a href="' . $vbulletin->options['forumhome'] . '.php' . $vbulletin->session->vars['sessionurl_q'] . '">' . $vbulletin->options['bbtitle'] . "</a>";

    $handled = true;
}]]></phpcode>
		</plugin>
		<plugin active="1" executionorder="5">
			<title>Tapatalk: PM push</title>
			<hookname>pmdata_postsave_recipient</hookname>
			<phpcode><![CDATA[global $vbulletin;
if( file_exists(DIR.'/'.$vbulletin->options['tapatalk_directory'].'/push_hook.php') )
{
    define('TT_PUSH_TYPE', 'pm');
    include(DIR.'/'.$vbulletin->options['tapatalk_directory'].'/push_hook.php');
}]]></phpcode>
		</plugin>
		<plugin active="1" executionorder="5">
			<title>Tapatalk: Tapatalk Image Link</title>
			<hookname>showthread_complete</hookname>
			<phpcode><![CDATA[$postbits = preg_replace_callback('/(<img src=")(http:\/\/img.tapatalk.com\/d\/[0-9]{2}\/[0-9]{2}\/[0-9]{2})(.*?)(".*>)/i',
create_function(
    '$matches',
    'return \'<a href="http://tapatalk.com/tapatalk_image.php?img=\'.urlencode(base64_encode($matches[2].\'/original\'.$matches[3])).\'" target="_blank" class="externalLink">\'.$matches[1].$matches[2].\'/thumbnail\'.$matches[3].$matches[4].\'</a>\';'
),
$postbits);]]></phpcode>
		</plugin>
		<plugin active="1" executionorder="5">
			<title>Tapatalk: Minisite List Thread Posts</title>
			<hookname>showthread_start</hookname>
			<phpcode><![CDATA[if (is_file(CWD . '/' . $vbulletin->options['tapatalk_directory'] . '/appExtt/exttMinisiteHook.php')) {
    include(CWD . '/' . $vbulletin->options['tapatalk_directory'] . '/appExtt/exttMinisiteHook.php'); 
}]]></phpcode>
		</plugin>
	</plugins>
	<phrases>
		<phrasetype name="Scheduled Tasks" fieldname="cron">
			<phrase name="task_OutDatePushClean_desc" date="1357377487" username="admin" version="3.6.3"><![CDATA[clean outdated push/alert data.]]></phrase>
			<phrase name="task_OutDatePushClean_log" date="1357377487" username="admin" version="3.6.3" />
			<phrase name="task_OutDatePushClean_title" date="1357377487" username="admin" version="3.6.3"><![CDATA[OutDatePushClean]]></phrase>
		</phrasetype>
		<phrasetype name="GLOBAL" fieldname="global">
			<phrase name="byo_link" date="1366721582" username="admin" version="3.8.0"><![CDATA[http://tapatalk.com]]></phrase>
			<phrase name="on_byo" date="1366721532" username="admin" version="3.8.0"><![CDATA[On Tapatalk(*)]]></phrase>
		</phrasetype>
		<phrasetype name="vBulletin Settings" fieldname="vbsettings">
			<phrase name="setting_alert_outdate_period_desc" date="1357377169" username="admin" version="3.6.3"><![CDATA[Days to keep the Push Notification data that app user can access. The longer it keeps, the more storage required and database performance might be affected.]]></phrase>
			<phrase name="setting_alert_outdate_period_title" date="1357377169" username="admin" version="3.6.3"><![CDATA[Notification Table Cleanup]]></phrase>
			<phrase name="setting_full_ads_desc" date="1381300506" username="admin" version="4.1.0"><![CDATA[Tapatalk will show a one time welcoming screen to mobile users to download the free app, the screen will contain your forum logo and branding only, with a button to get the free app.]]></phrase>
			<phrase name="setting_full_ads_title" date="1381300506" username="admin" version="4.1.0"><![CDATA[Mobile Welcome Screen]]></phrase>
			<phrase name="setting_minisite_auto_redirect_desc" date="1383037413" username="admin" version="4.2.1"><![CDATA[The forum pages will automatically redirect to corresponding minisite pages with bran-new mobile views.]]></phrase>
			<phrase name="setting_minisite_auto_redirect_title" date="1383037413" username="admin" version="4.2.1"><![CDATA[Minisite Redirection]]></phrase>
			<phrase name="setting_push_key_desc" date="1376556467" username="admin" version="4.0.0"><![CDATA[Mandatory. Tapatalk API Key helps us to verify the origin of push notification requests we received from your server, you can obtain this value from Tapatalk Forum Owner Area. This field is mandatory and very helpful to make sure your requests are delivered to your member's mobile devices.]]></phrase>
			<phrase name="setting_push_key_title" date="1376556467" username="admin" version="4.0.0"><![CDATA[Taptalk API Key]]></phrase>
			<phrase name="setting_reg_url_desc" date="1363852958" username="admin" version="3.7.2"><![CDATA[Registration URL relative to your forum root path]]></phrase>
			<phrase name="setting_reg_url_title" date="1363852958" username="admin" version="3.7.2"><![CDATA[Register page url]]></phrase>
			<phrase name="setting_tapatalk_delete_option_desc" date="1338184657" username="admin" version="3.4.0"><![CDATA[Enable hard delete post and topic for authorized user.]]></phrase>
			<phrase name="setting_tapatalk_delete_option_title" date="1338184657" username="admin" version="3.4.0"><![CDATA[Advanved Delete Option]]></phrase>
			<phrase name="setting_tapatalk_directory_desc" date="1338184710" username="admin" version="3.4.0"><![CDATA[Never change it if you did not rename the Tapatalk plugin directory. And the default value is 'mobiquo'.
If you renamed the Tapatalk plugin directory, you also need to update the same setting for this forum in tapatalk forum owner area.&#65288;http://tapatalk.com/landing.php&#65289;]]></phrase>
			<phrase name="setting_tapatalk_directory_title" date="1338184710" username="admin" version="3.4.0"><![CDATA[Tapatalk plugin directory]]></phrase>
			<phrase name="setting_tapatalk_hide_forum_desc" date="1338184200" username="admin" version="3.4.0"><![CDATA[Hide forums you don't want them to be listed in Tapatalk app.]]></phrase>
			<phrase name="setting_tapatalk_hide_forum_title" date="1338184200" username="admin" version="3.4.0"><![CDATA[Hide Forums]]></phrase>
			<phrase name="setting_tapatalk_push_desc" date="1338184765" username="admin" version="3.4.0"><![CDATA[Tapatalk users on your forum can get instant notification with new reply of subscribed topic and new pm if this setting was enabled.]]></phrase>
			<phrase name="setting_tapatalk_push_title" date="1338184765" username="admin" version="3.4.0"><![CDATA[Enable Tapatalk Push Notification]]></phrase>
			<phrase name="setting_tapatalk_readonly_forums_desc" date="1356685929" username="admin" version="3.6.3"><![CDATA[Prevent Tapatalk users to create new topic in the selected sub-forums. This feature is useful if certain forums requires additional topic fields or permission that Tapatalk does not support.]]></phrase>
			<phrase name="setting_tapatalk_readonly_forums_title" date="1356685929" username="admin" version="3.6.3"><![CDATA[Disable New Topic]]></phrase>
			<phrase name="setting_tp_allow_usergroup_desc" date="1363775386" username="admin" version="3.7.2"><![CDATA[Allow usergroups to login via Tapatalk, leave this option empty means that all usergroups users can login via Tapatalk. Different usergroups should be departed by comma, for example, "3,11,6" which means only users who belongs to 3,6 and 11 usergroups can login via Tapatalk.]]></phrase>
			<phrase name="setting_tp_allow_usergroup_title" date="1363775386" username="admin" version="3.7.2"><![CDATA[Usergroup allowed on Tapatalk]]></phrase>
			<phrase name="setting_tp_app_android_url_desc" date="1366702311" username="admin" version="3.8.0"><![CDATA[Enter your BYO App URL from Google Play, to be used on Android device]]></phrase>
			<phrase name="setting_tp_app_android_url_title" date="1366702311" username="admin" version="3.8.0"><![CDATA[Android Product URL]]></phrase>
			<phrase name="setting_tp_app_banner_message_desc" date="1366702228" username="admin" version="3.8.0"><![CDATA[E.g. "Follow {your_forum_name} with {app_name} for [os_platform]". Do not change the [os_platform] tag as it is displayed dynamically based on user's device platform.]]></phrase>
			<phrase name="setting_tp_app_banner_message_title" date="1366702228" username="admin" version="3.8.0"><![CDATA[BYO App Banner Message]]></phrase>
			<phrase name="setting_tp_app_ios_id_desc" date="1366702325" username="admin" version="3.8.0"><![CDATA[Enter your product ID in Apple App Store, to be used on iPhone device]]></phrase>
			<phrase name="setting_tp_app_ios_id_title" date="1366702325" username="admin" version="3.8.0"><![CDATA[BYO iOS App ID]]></phrase>
			<phrase name="setting_tp_app_kindle_url_desc" date="1366702380" username="admin" version="3.8.0"><![CDATA[Enter your BYO App URL from Amazon App Store, to be used on Kindle Fire device]]></phrase>
			<phrase name="setting_tp_app_kindle_url_title" date="1366702380" username="admin" version="3.8.0"><![CDATA[Kindle Fire Product URL]]></phrase>
			<phrase name="setting_tp_custom_content_replacement_desc" date="1363775355" username="admin" version="3.7.2"><![CDATA[Ability to match and replace thread content using PHP preg_replace function(http://www.php.net/manual/en/function.preg-replace.php). E.g. "'pattern', 'replacement'" . You can define more than one replace rule on each line.]]></phrase>
			<phrase name="setting_tp_custom_content_replacement_title" date="1363775355" username="admin" version="3.7.2"><![CDATA[Thread Content Replacement(Advanced)]]></phrase>
			<phrase name="setting_vbseo_like_enable_desc" date="1355469344" username="admin" version="3.6.3"><![CDATA[Enable this to support VBSEO like mode with Tapatalk.  Disable this if VBSEO is not an installed add-on in your forum.]]></phrase>
			<phrase name="setting_vbseo_like_enable_title" date="1355469344" username="admin" version="3.6.3"><![CDATA[Support For Vbseo Like]]></phrase>
			<phrase name="settinggroup_tapatalk" date="1338182204" username="admin" version="3.4.0"><![CDATA[Tapatalk Options]]></phrase>
			<phrase name="settinggroup_tapatalkBYOOptions" date="1361096357" username="admin" version="3.7.2"><![CDATA[Tapatalk Build Your Own Options]]></phrase>
		</phrasetype>
	</phrases>
	<options>
		<settinggroup name="tapatalk" displayorder="1">
			<setting varname="tapatalk_hide_forum" displayorder="2">
				<datatype>free</datatype>
				<optioncode>selectmulti:eval_tapatalk_hide_forum</optioncode>
			</setting>
			<setting varname="tapatalk_readonly_forums" displayorder="2">
				<datatype>free</datatype>
				<optioncode>selectmulti:eval_tapatalk_readonly_forums</optioncode>
			</setting>
			<setting varname="vbseo_like_enable" displayorder="3">
				<datatype>free</datatype>
				<optioncode>yesno</optioncode>
				<defaultvalue>1</defaultvalue>
			</setting>
			<setting varname="tapatalk_delete_option" displayorder="3">
				<datatype>boolean</datatype>
				<optioncode>yesno</optioncode>
				<defaultvalue>1</defaultvalue>
			</setting>
			<setting varname="reg_url" displayorder="4">
				<datatype>free</datatype>
				<defaultvalue>register.php</defaultvalue>
			</setting>
			<setting varname="tapatalk_directory" displayorder="4">
				<datatype>free</datatype>
				<defaultvalue>mobiquo</defaultvalue>
			</setting>
			<setting varname="tapatalk_push" displayorder="5">
				<datatype>boolean</datatype>
				<optioncode>yesno</optioncode>
				<defaultvalue>1</defaultvalue>
			</setting>
			<setting varname="push_key" displayorder="15">
				<datatype>free</datatype>
			</setting>
			<setting varname="alert_outdate_period" displayorder="16">
				<datatype>free</datatype>
				<optioncode>radio:piped
14|2 weeks (on extremely busy forums)
30|1 month
90|3 months
365|1 year</optioncode>
				<defaultvalue>90</defaultvalue>
			</setting>
			<setting varname="tp_custom_content_replacement" displayorder="26">
				<datatype>free</datatype>
				<optioncode>textarea</optioncode>
				<defaultvalue><![CDATA[# For each sample blow, remove the '#' ahead to test
# More infor: http://support.tapatalk.com/threads/advanced-plugin-usage.17106/

# Sample 1, replace all string 'abc' in post content to 'xyz'
# '/abc/', 'xyz'

# Sample 2, replace [JAVA] BBCODE to [QUOTE] for better display in tapatalk
# '/\[java\](.*?)\[\/java\]/si', '[quote]$1[/quote]']]></defaultvalue>
			</setting>
			<setting varname="tp_allow_usergroup" displayorder="36">
				<datatype>free</datatype>
			</setting>
			<setting varname="full_ads" displayorder="56">
				<datatype>free</datatype>
				<optioncode>yesno</optioncode>
				<defaultvalue>1</defaultvalue>
			</setting>
			<setting varname="minisite_auto_redirect" displayorder="66">
				<datatype>free</datatype>
				<optioncode>yesno</optioncode>
				<defaultvalue>1</defaultvalue>
			</setting>
		</settinggroup>
		<settinggroup name="tapatalkBYOOptions" displayorder="2">
			<setting varname="tp_app_banner_message" displayorder="1">
				<datatype>free</datatype>
				<optioncode><![CDATA[<textarea name=\"setting[tp_app_banner_message]\" rows=\"8\" cols=\"40\" dir=\"ltr\" class=\"bginput\" tabindex=\"1\" title=\"name=&quot;setting[tp_app_banner_message]&quot;\">" .  $vbulletin->options['tp_app_banner_message']   . "</textarea>]]></optioncode>
			</setting>
			<setting varname="tp_app_ios_id" displayorder="2">
				<datatype>free</datatype>
			</setting>
			<setting varname="tp_app_android_url" displayorder="3">
				<datatype>free</datatype>
			</setting>
			<setting varname="tp_app_kindle_url" displayorder="4">
				<datatype>free</datatype>
			</setting>
		</settinggroup>
	</options>
	<helptopics>
	</helptopics>
	<cronentries>
		<cron varname="OutDatePushClean" active="1" loglevel="0">
			<filename>./mobiquo/include/cleanOutdatePushData.php</filename>
			<scheduling weekday="-1" day="-1" hour="10" minute="-1" />
		</cron>
	</cronentries>
	<faqentries>
	</faqentries>
</product>
